<?xml version="1.0" encoding="UTF-8"?>
<testsuite xmlns:xsi="http://www.w3.org/2001/XMLSchema-instance" xsi:noNamespaceSchemaLocation="https://maven.apache.org/surefire/maven-surefire-plugin/xsd/surefire-test-report.xsd" name="com.restdropb.restdb.controllers.DropboxControllerTest" time="1.667" tests="3" errors="0" skipped="0" failures="0">
  <properties>
[...]
</properties>
  <testcase name="testGetListFiles" classname="com.restdropb.restdb.controllers.DropboxControllerTest" time="1.039"/>
  <testcase name="testCheckFile" classname="com.restdropb.restdb.controllers.DropboxControllerTest" time="0.294"/>
  <testcase name="testDelFile" classname="com.restdropb.restdb.controllers.DropboxControllerTest" time="0.314"/>
</testsuite>